C:\_LA.Workstation\_LA.Git.Sync../_LA.Git.Sync.log
15:08:90 19/08/2022	Git Service --> Service Timer, 0
15:08:90 19/08/2022	git reset --hard origin/master
15:08:98 19/08/2022	HEAD is now at 605d6aa environment updates

15:08:98 19/08/2022	git fetch --all
15:08:37 19/08/2022	{
  raw: 'Nothing new to pack.\n',
  remote: null,
  branches: [],
  tags: [],
  updated: [],
  deleted: []
}
15:08:37 19/08/2022	git pull -f
15:08:69 19/08/2022	PullSummary {
  remoteMessages: RemoteMessageSummary { all: [] },
  created: [],
  deleted: [],
  files: [],
  deletions: {},
  insertions: {},
  summary: { changes: 0, deletions: 0, insertions: 0 }
}
15:08:69 19/08/2022	git clean -f
