2022-08-19 15:44:26 - Starting C:\Program Files\nodejs\node.exe  --harmony c:\Users\acran\AppData\Roaming\npm\node_modules\node-windows\lib\wrapper.js --file C:\_LA.Workstation\_LA.Workstation.Sync\server.js --scriptoptions= --log "LA.Workstation.Sync wrapper" --grow 0.25 --wait 1 --maxrestarts 3 --abortonerror n --stopparentfirst undefined
2022-08-19 15:44:26 - Started 11028
2022-08-19 15:47:06 - Stopping laworkstationsync.exe
2022-08-19 15:47:06 - ProcessKill 11028
2022-08-19 15:47:06 - Found child process: 8404 Name: conhost.exe
2022-08-19 15:47:06 - Found child process: 16232 Name: node.exe
2022-08-19 15:47:06 - Stopping process 8404
2022-08-19 15:47:06 - Send SIGINT 8404
2022-08-19 15:47:06 - SIGINT to 8404 failed - Killing as fallback
2022-08-19 15:47:06 - Stopping process 16232
2022-08-19 15:47:06 - Send SIGINT 16232
2022-08-19 15:47:06 - SIGINT to 16232 failed - Killing as fallback
2022-08-19 15:47:06 - Stopping process 11028
2022-08-19 15:47:06 - Send SIGINT 11028
2022-08-19 15:47:06 - SIGINT to 11028 failed - Killing as fallback
2022-08-19 15:47:06 - Finished laworkstationsync.exe
2022-08-19 15:49:58 - Starting C:\Program Files\nodejs\node.exe  --harmony c:\Users\acran\AppData\Roaming\npm\node_modules\node-windows\lib\wrapper.js --file C:\_LA.Workstation\_LA.Workstation.Sync\server.js --scriptoptions= --log "LA.Workstation.Sync wrapper" --grow 0.25 --wait 1 --maxrestarts 3 --abortonerror n --stopparentfirst undefined
2022-08-19 15:49:58 - Started 5912
2022-08-19 15:52:30 - Stopping laworkstationsync.exe
2022-08-19 15:52:30 - ProcessKill 5912
2022-08-19 15:52:30 - Found child process: 9168 Name: conhost.exe
2022-08-19 15:52:30 - Found child process: 17540 Name: node.exe
2022-08-19 15:52:30 - Stopping process 9168
2022-08-19 15:52:30 - Send SIGINT 9168
2022-08-19 15:52:30 - SIGINT to 9168 failed - Killing as fallback
2022-08-19 15:52:30 - Stopping process 17540
2022-08-19 15:52:30 - Send SIGINT 17540
2022-08-19 15:52:30 - SIGINT to 17540 failed - Killing as fallback
2022-08-19 15:52:30 - Stopping process 5912
2022-08-19 15:52:30 - Send SIGINT 5912
2022-08-19 15:52:30 - SIGINT to 5912 failed - Killing as fallback
2022-08-19 15:52:30 - Finished laworkstationsync.exe
2022-08-19 16:08:01 - Starting C:\Program Files\nodejs\node.exe  --harmony c:\Users\acran\AppData\Roaming\npm\node_modules\node-windows\lib\wrapper.js --file C:\_LA.Workstation\_LA.Workstation.Sync\server.js --scriptoptions= --log "LA.Workstation.Sync wrapper" --grow 0.25 --wait 1 --maxrestarts 3 --abortonerror n --stopparentfirst undefined
2022-08-19 16:08:01 - Started 364
2022-08-19 17:02:55 - Stopping laworkstationsync.exe
2022-08-19 17:02:55 - ProcessKill 364
2022-08-19 17:02:56 - Found child process: 2604 Name: conhost.exe
2022-08-19 17:02:56 - Found child process: 9968 Name: node.exe
2022-08-19 17:02:56 - Stopping process 2604
2022-08-19 17:02:56 - Send SIGINT 2604
2022-08-19 17:02:56 - SIGINT to 2604 failed - Killing as fallback
2022-08-19 17:02:56 - Stopping process 9968
2022-08-19 17:02:56 - Send SIGINT 9968
2022-08-19 17:02:56 - SIGINT to 9968 failed - Killing as fallback
2022-08-19 17:02:56 - Stopping process 364
2022-08-19 17:02:56 - Send SIGINT 364
2022-08-19 17:02:56 - SIGINT to 364 failed - Killing as fallback
2022-08-19 17:02:56 - Finished laworkstationsync.exe
2022-08-19 17:02:57 - Starting C:\Program Files\nodejs\node.exe  --harmony c:\Users\acran\AppData\Roaming\npm\node_modules\node-windows\lib\wrapper.js --file C:\_LA.Workstation\_LA.Workstation.Sync\server.js --scriptoptions= --log "LA.Workstation.Sync wrapper" --grow 0.25 --wait 1 --maxrestarts 3 --abortonerror n --stopparentfirst undefined
2022-08-19 17:02:57 - Started 16740
